[2012-12-09 23:19:47] request.ERROR: Symfony\Component\HttpKernel\Exception\NotFoundHttpException: No route found for "GET /bundles/krovitch/js/jquery/jquery.class.js" (uncaught exception) at /home/afrezet/workspace/unRamalaK/Symfony/vendor/symfony/symfony/src/Symfony/Component/HttpKernel/EventListener/RouterListener.php line 92 [] []
[2012-12-09 23:19:47] request.ERROR: Symfony\Component\HttpKernel\Exception\NotFoundHttpException: No route found for "GET /bundles/krovitch/js/main.js" (uncaught exception) at /home/afrezet/workspace/unRamalaK/Symfony/app/cache/prod/classes.php line 5183 [] []
[2012-12-28 16:47:20] request.ERROR: Symfony\Component\HttpKernel\Exception\NotFoundHttpException: No route found for "GET /" (uncaught exception) at /home/afrezet/workspace/unRamalaK/Symfony/app/cache/prod/classes.php line 5183 [] []
[2012-12-28 16:48:09] request.ERROR: Symfony\Component\HttpKernel\Exception\NotFoundHttpException: No route found for "GET /bundles/krovitch/js/jquery/jquery.min.js" (uncaught exception) at /home/afrezet/workspace/unRamalaK/Symfony/app/cache/prod/classes.php line 5183 [] []
[2012-12-28 16:48:09] request.ERROR: Symfony\Component\HttpKernel\Exception\NotFoundHttpException: No route found for "GET /bundles/krovitch/js/paper.js" (uncaught exception) at /home/afrezet/workspace/unRamalaK/Symfony/app/cache/prod/classes.php line 5183 [] []
[2012-12-28 16:48:09] request.ERROR: Symfony\Component\HttpKernel\Exception\NotFoundHttpException: No route found for "GET /bundles/krovitch/js/jquery/jquery.class.js" (uncaught exception) at /home/afrezet/workspace/unRamalaK/Symfony/app/cache/prod/classes.php line 5183 [] []
[2012-12-28 16:48:09] request.ERROR: Symfony\Component\HttpKernel\Exception\NotFoundHttpException: No route found for "GET /bundles/krovitch/js/unramalak/unramalak.class.js" (uncaught exception) at /home/afrezet/workspace/unRamalaK/Symfony/app/cache/prod/classes.php line 5183 [] []
[2012-12-28 16:48:09] request.ERROR: Symfony\Component\HttpKernel\Exception\NotFoundHttpException: No route found for "GET /bundles/krovitch/js/main.js" (uncaught exception) at /home/afrezet/workspace/unRamalaK/Symfony/app/cache/prod/classes.php line 5183 [] []
[2012-12-28 16:48:09] request.ERROR: Symfony\Component\HttpKernel\Exception\NotFoundHttpException: No route found for "GET /bundles/krovitch/js/jquery/jquery.min.js" (uncaught exception) at /home/afrezet/workspace/unRamalaK/Symfony/app/cache/prod/classes.php line 5183 [] []
[2012-12-28 16:48:09] request.ERROR: Symfony\Component\HttpKernel\Exception\NotFoundHttpException: No route found for "GET /bundles/krovitch/js/jquery/jquery.class.js" (uncaught exception) at /home/afrezet/workspace/unRamalaK/Symfony/app/cache/prod/classes.php line 5183 [] []
[2012-12-28 16:48:09] request.ERROR: Symfony\Component\HttpKernel\Exception\NotFoundHttpException: No route found for "GET /bundles/krovitch/js/main.js" (uncaught exception) at /home/afrezet/workspace/unRamalaK/Symfony/app/cache/prod/classes.php line 5183 [] []
[2012-12-28 16:48:11] request.ERROR: Symfony\Component\HttpKernel\Exception\NotFoundHttpException: No route found for "GET /bundles/krovitch/js/paper.js" (uncaught exception) at /home/afrezet/workspace/unRamalaK/Symfony/app/cache/prod/classes.php line 5183 [] []
[2012-12-28 16:48:11] request.ERROR: Symfony\Component\HttpKernel\Exception\NotFoundHttpException: No route found for "GET /bundles/krovitch/js/jquery/jquery.min.js" (uncaught exception) at /home/afrezet/workspace/unRamalaK/Symfony/app/cache/prod/classes.php line 5183 [] []
[2012-12-28 16:48:11] request.ERROR: Symfony\Component\HttpKernel\Exception\NotFoundHttpException: No route found for "GET /bundles/krovitch/js/unramalak/unramalak.class.js" (uncaught exception) at /home/afrezet/workspace/unRamalaK/Symfony/app/cache/prod/classes.php line 5183 [] []
[2012-12-28 16:48:11] request.ERROR: Symfony\Component\HttpKernel\Exception\NotFoundHttpException: No route found for "GET /bundles/krovitch/js/jquery/jquery.class.js" (uncaught exception) at /home/afrezet/workspace/unRamalaK/Symfony/app/cache/prod/classes.php line 5183 [] []
[2012-12-28 16:48:11] request.ERROR: Symfony\Component\HttpKernel\Exception\NotFoundHttpException: No route found for "GET /bundles/krovitch/js/main.js" (uncaught exception) at /home/afrezet/workspace/unRamalaK/Symfony/app/cache/prod/classes.php line 5183 [] []
[2012-12-28 16:48:12] request.ERROR: Symfony\Component\HttpKernel\Exception\NotFoundHttpException: No route found for "GET /bundles/krovitch/js/jquery/jquery.min.js" (uncaught exception) at /home/afrezet/workspace/unRamalaK/Symfony/app/cache/prod/classes.php line 5183 [] []
[2012-12-28 16:48:12] request.ERROR: Symfony\Component\HttpKernel\Exception\NotFoundHttpException: No route found for "GET /bundles/krovitch/js/jquery/jquery.class.js" (uncaught exception) at /home/afrezet/workspace/unRamalaK/Symfony/app/cache/prod/classes.php line 5183 [] []
[2012-12-28 16:48:12] request.ERROR: Symfony\Component\HttpKernel\Exception\NotFoundHttpException: No route found for "GET /bundles/krovitch/js/main.js" (uncaught exception) at /home/afrezet/workspace/unRamalaK/Symfony/app/cache/prod/classes.php line 5183 [] []
[2012-12-28 16:48:24] request.ERROR: Symfony\Component\HttpKernel\Exception\NotFoundHttpException: No route found for "GET /bundles/krovitch/js/paper.js" (uncaught exception) at /home/afrezet/workspace/unRamalaK/Symfony/app/cache/prod/classes.php line 5183 [] []
[2012-12-28 16:48:24] request.ERROR: Symfony\Component\HttpKernel\Exception\NotFoundHttpException: No route found for "GET /bundles/krovitch/js/jquery/jquery.class.js" (uncaught exception) at /home/afrezet/workspace/unRamalaK/Symfony/app/cache/prod/classes.php line 5183 [] []
[2012-12-28 16:48:24] request.ERROR: Symfony\Component\HttpKernel\Exception\NotFoundHttpException: No route found for "GET /bundles/krovitch/js/unramalak/unramalak.class.js" (uncaught exception) at /home/afrezet/workspace/unRamalaK/Symfony/app/cache/prod/classes.php line 5183 [] []
[2012-12-28 16:48:24] request.ERROR: Symfony\Component\HttpKernel\Exception\NotFoundHttpException: No route found for "GET /bundles/krovitch/js/jquery/jquery.min.js" (uncaught exception) at /home/afrezet/workspace/unRamalaK/Symfony/app/cache/prod/classes.php line 5183 [] []
[2012-12-28 16:48:24] request.ERROR: Symfony\Component\HttpKernel\Exception\NotFoundHttpException: No route found for "GET /bundles/krovitch/js/main.js" (uncaught exception) at /home/afrezet/workspace/unRamalaK/Symfony/app/cache/prod/classes.php line 5183 [] []
[2012-12-28 16:48:24] request.ERROR: Symfony\Component\HttpKernel\Exception\NotFoundHttpException: No route found for "GET /bundles/krovitch/js/main.js" (uncaught exception) at /home/afrezet/workspace/unRamalaK/Symfony/app/cache/prod/classes.php line 5183 [] []
[2013-01-02 19:38:09] request.CRITICAL: Symfony\Component\Config\Exception\FileLoaderLoadException: Cannot load resource ".". (uncaught exception) at /home/afrezet/workspace/unRaMaLaK/Symfony/vendor/symfony/symfony/src/Symfony/Component/Config/Loader/Loader.php line 77 [] []
[2013-01-02 19:41:33] request.CRITICAL: Symfony\Component\Config\Exception\FileLoaderLoadException: Cannot load resource "/". (uncaught exception) at /home/afrezet/workspace/unRaMaLaK/Symfony/vendor/symfony/symfony/src/Symfony/Component/Config/Loader/Loader.php line 77 [] []
[2013-01-02 19:41:36] request.CRITICAL: Symfony\Component\Config\Exception\FileLoaderLoadException: Cannot load resource "/". (uncaught exception) at /home/afrezet/workspace/unRaMaLaK/Symfony/vendor/symfony/symfony/src/Symfony/Component/Config/Loader/Loader.php line 77 [] []
[2013-01-02 19:42:16] request.ERROR: Symfony\Component\HttpKernel\Exception\NotFoundHttpException: No route found for "GET /css/fb72d20.css" (uncaught exception) at /home/afrezet/workspace/unRaMaLaK/Symfony/app/cache/prod/classes.php line 5117 [] []
[2013-01-02 19:42:28] request.ERROR: Symfony\Component\HttpKernel\Exception\NotFoundHttpException: No route found for "GET /css/fb72d20.css" (uncaught exception) at /home/afrezet/workspace/unRaMaLaK/Symfony/app/cache/prod/classes.php line 5117 [] []
[2013-01-02 19:42:44] request.ERROR: Symfony\Component\HttpKernel\Exception\NotFoundHttpException: No route found for "GET /css/fb72d20.css" (uncaught exception) at /home/afrezet/workspace/unRaMaLaK/Symfony/app/cache/prod/classes.php line 5117 [] []
[2013-01-02 19:43:00] request.ERROR: Symfony\Component\HttpKernel\Exception\NotFoundHttpException: No route found for "GET /css/fb72d20.css" (uncaught exception) at /home/afrezet/workspace/unRaMaLaK/Symfony/app/cache/prod/classes.php line 5117 [] []
[2013-01-02 19:43:33] request.ERROR: Symfony\Component\HttpKernel\Exception\NotFoundHttpException: No route found for "GET /css/fb72d20.css" (uncaught exception) at /home/afrezet/workspace/unRaMaLaK/Symfony/app/cache/prod/classes.php line 5117 [] []
[2013-01-02 19:43:35] request.ERROR: Symfony\Component\HttpKernel\Exception\NotFoundHttpException: No route found for "GET /css/fb72d20.css" (uncaught exception) at /home/afrezet/workspace/unRaMaLaK/Symfony/app/cache/prod/classes.php line 5117 [] []
[2013-01-02 19:45:21] request.CRITICAL: Symfony\Component\Config\Exception\FileLoaderLoadException: Cannot load resource ".". (uncaught exception) at /home/afrezet/workspace/unRaMaLaK/Symfony/vendor/symfony/symfony/src/Symfony/Component/Config/Loader/Loader.php line 77 [] []
[2013-01-02 19:47:06] request.ERROR: Symfony\Component\HttpKernel\Exception\NotFoundHttpException: No route found for "GET /css/fb72d20.css" (uncaught exception) at /home/afrezet/workspace/unRaMaLaK/Symfony/app/cache/prod/classes.php line 5117 [] []
[2013-01-02 19:47:07] request.ERROR: Symfony\Component\HttpKernel\Exception\NotFoundHttpException: No route found for "GET /css/fb72d20.css" (uncaught exception) at /home/afrezet/workspace/unRaMaLaK/Symfony/app/cache/prod/classes.php line 5117 [] []
[2013-01-02 19:49:50] request.ERROR: Symfony\Component\HttpKernel\Exception\NotFoundHttpException: No route found for "GET /css/fb72d20.css" (uncaught exception) at /home/afrezet/workspace/unRaMaLaK/Symfony/app/cache/prod/classes.php line 5117 [] []
[2013-01-02 19:51:06] request.ERROR: Symfony\Component\HttpKernel\Exception\NotFoundHttpException: No route found for "GET /css/fb72d20.css" (uncaught exception) at /home/afrezet/workspace/unRaMaLaK/Symfony/app/cache/prod/classes.php line 5117 [] []
[2013-01-02 19:51:12] request.ERROR: Symfony\Component\HttpKernel\Exception\NotFoundHttpException: No route found for "GET /css" (uncaught exception) at /home/afrezet/workspace/unRaMaLaK/Symfony/app/cache/prod/classes.php line 5117 [] []
[2013-01-02 19:51:16] request.ERROR: Symfony\Component\HttpKernel\Exception\NotFoundHttpException: No route found for "GET /css/fb72d20.css" (uncaught exception) at /home/afrezet/workspace/unRaMaLaK/Symfony/app/cache/prod/classes.php line 5117 [] []
[2013-01-02 19:51:26] request.ERROR: Symfony\Component\HttpKernel\Exception\NotFoundHttpException: No route found for "GET /css/fb72d20.css" (uncaught exception) at /home/afrezet/workspace/unRaMaLaK/Symfony/app/cache/prod/classes.php line 5117 [] []
[2013-01-02 19:52:27] request.INFO: Matched route "editor" (parameters: "_controller": "Krovitch\KrovitchBundle\Controller\EditorController::indexAction", "_route": "editor") [] []
[2013-01-02 19:52:27] security.DEBUG: Read SecurityContext from the session [] []
[2013-01-02 19:52:27] security.DEBUG: Reloading user from user provider. [] []
[2013-01-02 19:52:27] security.DEBUG: Username "frankgrozaloumek" was reloaded from user provider. [] []
[2013-01-02 19:52:27] security.DEBUG: Access is denied (and user is neither anonymous, nor remember-me) by "/home/afrezet/workspace/unRaMaLaK/Symfony/vendor/jms/security-extra-bundle/JMS/SecurityExtraBundle/Security/Authorization/Interception/MethodSecurityInterceptor.php" at line 93 [] []
[2013-01-02 19:52:27] request.ERROR: Symfony\Component\HttpKernel\Exception\AccessDeniedHttpException: Token does not have the required roles. (uncaught exception) at /home/afrezet/workspace/unRaMaLaK/Symfony/vendor/symfony/symfony/src/Symfony/Component/Security/Http/Firewall/ExceptionListener.php line 100 [] []
[2013-01-02 19:52:27] security.DEBUG: Write SecurityContext in the session [] []
[2013-01-02 20:09:04] request.INFO: Matched route "createHero" (parameters: "_controller": "Krovitch\KrovitchBundle\Controller\EditorController::createHeroAction", "_route": "createHero") [] []
[2013-01-02 20:09:04] security.DEBUG: Read SecurityContext from the session [] []
[2013-01-02 20:09:04] security.DEBUG: Reloading user from user provider. [] []
[2013-01-02 20:09:04] security.DEBUG: Username "johnkrovitch" was reloaded from user provider. [] []
[2013-01-02 20:09:04] request.CRITICAL: Symfony\Component\Form\Exception\InvalidPropertyException: Neither property "race" nor method "getRace()" nor method "isRace()" exists in class "Krovitch\KrovitchBundle\Entity\Unit\Hero" (uncaught exception) at /home/afrezet/workspace/unRaMaLaK/Symfony/vendor/symfony/symfony/src/Symfony/Component/Form/Util/PropertyPath.php line 438 [] []
[2013-01-02 20:09:04] security.DEBUG: Write SecurityContext in the session [] []
[2013-01-12 16:55:58] request.ERROR: Symfony\Component\HttpKernel\Exception\NotFoundHttpException: No route found for "GET /bundles/krovitch/js/jquery/jquery.min.js" (uncaught exception) at /home/afrezet/workspace/unRaMaLaK/Symfony/app/cache/prod/classes.php line 5117 [] []
[2013-01-12 16:55:58] request.ERROR: Symfony\Component\HttpKernel\Exception\NotFoundHttpException: No route found for "GET /bundles/krovitch/js/paper.js" (uncaught exception) at /home/afrezet/workspace/unRaMaLaK/Symfony/app/cache/prod/classes.php line 5117 [] []
[2013-01-12 16:55:59] request.ERROR: Symfony\Component\HttpKernel\Exception\NotFoundHttpException: No route found for "GET /bundles/krovitch/js/jquery/jquery.min.js" (uncaught exception) at /home/afrezet/workspace/unRaMaLaK/Symfony/app/cache/prod/classes.php line 5117 [] []
[2013-01-12 16:56:06] request.ERROR: Symfony\Component\HttpKernel\Exception\NotFoundHttpException: No route found for "GET /bundles/krovitch/js/paper.js" (uncaught exception) at /home/afrezet/workspace/unRaMaLaK/Symfony/app/cache/prod/classes.php line 5117 [] []
[2013-01-12 16:56:06] request.ERROR: Symfony\Component\HttpKernel\Exception\NotFoundHttpException: No route found for "GET /bundles/krovitch/js/jquery/jquery.min.js" (uncaught exception) at /home/afrezet/workspace/unRaMaLaK/Symfony/app/cache/prod/classes.php line 5117 [] []
[2013-01-12 16:56:12] request.ERROR: Symfony\Component\HttpKernel\Exception\NotFoundHttpException: No route found for "GET /bundles/krovitch/js/jquery/jquery.min.js" (uncaught exception) at /home/afrezet/workspace/unRaMaLaK/Symfony/app/cache/prod/classes.php line 5117 [] []
[2013-01-12 16:56:12] request.ERROR: Symfony\Component\HttpKernel\Exception\NotFoundHttpException: No route found for "GET /bundles/krovitch/js/paper.js" (uncaught exception) at /home/afrezet/workspace/unRaMaLaK/Symfony/app/cache/prod/classes.php line 5117 [] []
[2013-01-12 16:56:12] request.ERROR: Symfony\Component\HttpKernel\Exception\NotFoundHttpException: No route found for "GET /bundles/krovitch/js/jquery/jquery.min.js" (uncaught exception) at /home/afrezet/workspace/unRaMaLaK/Symfony/app/cache/prod/classes.php line 5117 [] []
[2013-01-12 17:03:19] request.ERROR: Symfony\Component\HttpKernel\Exception\NotFoundHttpException: No route found for "GET /bundles/krovitch/js/paper.js" (uncaught exception) at /home/afrezet/workspace/unRaMaLaK/Symfony/app/cache/prod/classes.php line 5117 [] []
[2013-01-12 17:03:19] request.ERROR: Symfony\Component\HttpKernel\Exception\NotFoundHttpException: No route found for "GET /bundles/krovitch/js/jquery/jquery.min.js" (uncaught exception) at /home/afrezet/workspace/unRaMaLaK/Symfony/app/cache/prod/classes.php line 5117 [] []
[2013-01-12 17:03:26] request.ERROR: Symfony\Component\HttpKernel\Exception\NotFoundHttpException: No route found for "GET /bundles/krovitch/js/paper.js" (uncaught exception) at /home/afrezet/workspace/unRaMaLaK/Symfony/app/cache/prod/classes.php line 5117 [] []
[2013-01-12 17:03:26] request.ERROR: Symfony\Component\HttpKernel\Exception\NotFoundHttpException: No route found for "GET /bundles/krovitch/js/jquery/jquery.min.js" (uncaught exception) at /home/afrezet/workspace/unRaMaLaK/Symfony/app/cache/prod/classes.php line 5117 [] []
[2013-01-12 17:03:26] request.ERROR: Symfony\Component\HttpKernel\Exception\NotFoundHttpException: No route found for "GET /bundles/krovitch/js/jquery/jquery.min.js" (uncaught exception) at /home/afrezet/workspace/unRaMaLaK/Symfony/app/cache/prod/classes.php line 5117 [] []
[2013-01-12 17:05:50] request.ERROR: Symfony\Component\HttpKernel\Exception\NotFoundHttpException: No route found for "GET /bundles/krovitch/js/paper.js" (uncaught exception) at /home/afrezet/workspace/unRaMaLaK/Symfony/app/cache/prod/classes.php line 5117 [] []
[2013-01-12 17:05:50] request.ERROR: Symfony\Component\HttpKernel\Exception\NotFoundHttpException: No route found for "GET /bundles/krovitch/js/jquery/jquery.min.js" (uncaught exception) at /home/afrezet/workspace/unRaMaLaK/Symfony/app/cache/prod/classes.php line 5117 [] []
[2013-01-12 17:09:33] request.ERROR: Symfony\Component\HttpKernel\Exception\NotFoundHttpException: No route found for "GET /bundles/krovitch/js/paper.js" (uncaught exception) at /home/afrezet/workspace/unRaMaLaK/Symfony/app/cache/prod/classes.php line 5117 [] []
[2013-01-12 17:09:33] request.ERROR: Symfony\Component\HttpKernel\Exception\NotFoundHttpException: No route found for "GET /bundles/krovitch/js/jquery/jquery.min.js" (uncaught exception) at /home/afrezet/workspace/unRaMaLaK/Symfony/app/cache/prod/classes.php line 5117 [] []
[2013-01-12 17:09:33] request.ERROR: Symfony\Component\HttpKernel\Exception\NotFoundHttpException: No route found for "GET /bundles/krovitch/js/jquery/jquery.min.js" (uncaught exception) at /home/afrezet/workspace/unRaMaLaK/Symfony/app/cache/prod/classes.php line 5117 [] []
[2013-01-12 17:16:54] request.ERROR: Symfony\Component\HttpKernel\Exception\NotFoundHttpException: No route found for "GET /bundles/krovitch/js/jquery/jquery.min.js" (uncaught exception) at /home/afrezet/workspace/unRaMaLaK/Symfony/app/cache/prod/classes.php line 5117 [] []
[2013-01-12 17:16:54] request.ERROR: Symfony\Component\HttpKernel\Exception\NotFoundHttpException: No route found for "GET /bundles/krovitch/js/paper.js" (uncaught exception) at /home/afrezet/workspace/unRaMaLaK/Symfony/app/cache/prod/classes.php line 5117 [] []
[2013-01-12 17:16:54] request.ERROR: Symfony\Component\HttpKernel\Exception\NotFoundHttpException: No route found for "GET /bundles/krovitch/js/jquery/jquery.min.js" (uncaught exception) at /home/afrezet/workspace/unRaMaLaK/Symfony/app/cache/prod/classes.php line 5117 [] []
[2013-01-12 17:17:21] request.ERROR: Symfony\Component\HttpKernel\Exception\NotFoundHttpException: No route found for "GET /bundles/krovitch/js/paper.js" (uncaught exception) at /home/afrezet/workspace/unRaMaLaK/Symfony/app/cache/prod/classes.php line 5117 [] []
[2013-01-12 17:17:21] request.ERROR: Symfony\Component\HttpKernel\Exception\NotFoundHttpException: No route found for "GET /bundles/krovitch/js/jquery/jquery.min.js" (uncaught exception) at /home/afrezet/workspace/unRaMaLaK/Symfony/app/cache/prod/classes.php line 5117 [] []
[2013-01-12 17:17:21] request.ERROR: Symfony\Component\HttpKernel\Exception\NotFoundHttpException: No route found for "GET /bundles/krovitch/js/jquery/jquery.min.js" (uncaught exception) at /home/afrezet/workspace/unRaMaLaK/Symfony/app/cache/prod/classes.php line 5117 [] []
[2013-01-12 17:21:48] request.ERROR: Symfony\Component\HttpKernel\Exception\NotFoundHttpException: No route found for "GET /bundles/krovitch/js/paper.js" (uncaught exception) at /home/afrezet/workspace/unRaMaLaK/Symfony/app/cache/prod/classes.php line 5117 [] []
[2013-01-12 17:21:48] request.ERROR: Symfony\Component\HttpKernel\Exception\NotFoundHttpException: No route found for "GET /bundles/krovitch/js/jquery/jquery.min.js" (uncaught exception) at /home/afrezet/workspace/unRaMaLaK/Symfony/app/cache/prod/classes.php line 5117 [] []
[2013-01-12 17:21:48] request.ERROR: Symfony\Component\HttpKernel\Exception\NotFoundHttpException: No route found for "GET /bundles/krovitch/js/jquery/jquery.min.js" (uncaught exception) at /home/afrezet/workspace/unRaMaLaK/Symfony/app/cache/prod/classes.php line 5117 [] []
[2013-01-12 17:21:57] request.ERROR: Symfony\Component\HttpKernel\Exception\NotFoundHttpException: No route found for "GET /bundles/krovitch/js/paper.js" (uncaught exception) at /home/afrezet/workspace/unRaMaLaK/Symfony/app/cache/prod/classes.php line 5117 [] []
[2013-01-12 17:21:57] request.ERROR: Symfony\Component\HttpKernel\Exception\NotFoundHttpException: No route found for "GET /bundles/krovitch/js/jquery/jquery.min.js" (uncaught exception) at /home/afrezet/workspace/unRaMaLaK/Symfony/app/cache/prod/classes.php line 5117 [] []
[2013-01-12 17:21:57] request.ERROR: Symfony\Component\HttpKernel\Exception\NotFoundHttpException: No route found for "GET /bundles/krovitch/js/jquery/jquery.min.js" (uncaught exception) at /home/afrezet/workspace/unRaMaLaK/Symfony/app/cache/prod/classes.php line 5117 [] []
[2013-01-12 17:21:59] request.ERROR: Symfony\Component\HttpKernel\Exception\NotFoundHttpException: No route found for "GET /bundles/krovitch/js/paper.js" (uncaught exception) at /home/afrezet/workspace/unRaMaLaK/Symfony/app/cache/prod/classes.php line 5117 [] []
[2013-01-12 17:21:59] request.ERROR: Symfony\Component\HttpKernel\Exception\NotFoundHttpException: No route found for "GET /bundles/krovitch/js/jquery/jquery.min.js" (uncaught exception) at /home/afrezet/workspace/unRaMaLaK/Symfony/app/cache/prod/classes.php line 5117 [] []
[2013-01-12 17:25:09] request.ERROR: Symfony\Component\HttpKernel\Exception\NotFoundHttpException: No route found for "GET /bundles/krovitch/js/jquery/jquery.min.js" (uncaught exception) at /home/afrezet/workspace/unRaMaLaK/Symfony/app/cache/prod/classes.php line 5117 [] []
[2013-01-12 17:25:09] request.ERROR: Symfony\Component\HttpKernel\Exception\NotFoundHttpException: No route found for "GET /bundles/krovitch/js/paper.js" (uncaught exception) at /home/afrezet/workspace/unRaMaLaK/Symfony/app/cache/prod/classes.php line 5117 [] []
[2013-01-12 17:25:10] request.ERROR: Symfony\Component\HttpKernel\Exception\NotFoundHttpException: No route found for "GET /bundles/krovitch/js/jquery/jquery.min.js" (uncaught exception) at /home/afrezet/workspace/unRaMaLaK/Symfony/app/cache/prod/classes.php line 5117 [] []
[2013-01-12 17:25:15] request.ERROR: Symfony\Component\HttpKernel\Exception\NotFoundHttpException: No route found for "GET /bundles/webprofiler/images/profiler/grey_magnifier.png" (uncaught exception) at /home/afrezet/workspace/unRaMaLaK/Symfony/app/cache/prod/classes.php line 5117 [] []
[2013-01-12 17:25:15] request.ERROR: Symfony\Component\HttpKernel\Exception\NotFoundHttpException: No route found for "GET /bundles/webprofiler/images/profiler/exception.png" (uncaught exception) at /home/afrezet/workspace/unRaMaLaK/Symfony/app/cache/prod/classes.php line 5117 [] []
[2013-01-12 17:25:15] request.ERROR: Symfony\Component\HttpKernel\Exception\NotFoundHttpException: No route found for "GET /bundles/webprofiler/images/profiler/config.png" (uncaught exception) at /home/afrezet/workspace/unRaMaLaK/Symfony/app/cache/prod/classes.php line 5117 [] []
[2013-01-12 17:25:15] request.ERROR: Symfony\Component\HttpKernel\Exception\NotFoundHttpException: No route found for "GET /bundles/webprofiler/images/profiler/logo_symfony_profiler.png" (uncaught exception) at /home/afrezet/workspace/unRaMaLaK/Symfony/app/cache/prod/classes.php line 5117 [] []
[2013-01-12 17:25:15] request.ERROR: Symfony\Component\HttpKernel\Exception\NotFoundHttpException: No route found for "GET /bundles/webprofiler/images/profiler/request.png" (uncaught exception) at /home/afrezet/workspace/unRaMaLaK/Symfony/app/cache/prod/classes.php line 5117 [] []
[2013-01-12 17:25:15] request.ERROR: Symfony\Component\HttpKernel\Exception\NotFoundHttpException: No route found for "GET /bundles/webprofiler/css/profiler.css" (uncaught exception) at /home/afrezet/workspace/unRaMaLaK/Symfony/app/cache/prod/classes.php line 5117 [] []
[2013-01-12 17:25:15] request.ERROR: Symfony\Component\HttpKernel\Exception\NotFoundHttpException: No route found for "GET /bundles/webprofiler/images/profiler/events.png" (uncaught exception) at /home/afrezet/workspace/unRaMaLaK/Symfony/app/cache/prod/classes.php line 5117 [] []
[2013-01-12 17:25:15] request.ERROR: Symfony\Component\HttpKernel\Exception\NotFoundHttpException: No route found for "GET /bundles/webprofiler/images/profiler/routing.png" (uncaught exception) at /home/afrezet/workspace/unRaMaLaK/Symfony/app/cache/prod/classes.php line 5117 [] []
[2013-01-12 17:25:15] request.ERROR: Symfony\Component\HttpKernel\Exception\NotFoundHttpException: No route found for "GET /bundles/webprofiler/images/profiler/logger.png" (uncaught exception) at /home/afrezet/workspace/unRaMaLaK/Symfony/app/cache/prod/classes.php line 5117 [] []
[2013-01-12 17:25:15] request.ERROR: Symfony\Component\HttpKernel\Exception\NotFoundHttpException: No route found for "GET /bundles/webprofiler/images/profiler/time.png" (uncaught exception) at /home/afrezet/workspace/unRaMaLaK/Symfony/app/cache/prod/classes.php line 5117 [] []
[2013-01-12 17:25:15] request.ERROR: Symfony\Component\HttpKernel\Exception\NotFoundHttpException: No route found for "GET /bundles/webprofiler/images/profiler/security.png" (uncaught exception) at /home/afrezet/workspace/unRaMaLaK/Symfony/app/cache/prod/classes.php line 5117 [] []
[2013-01-12 17:25:15] request.ERROR: Symfony\Component\HttpKernel\Exception\NotFoundHttpException: No route found for "GET /bundles/webprofiler/images/search.png" (uncaught exception) at /home/afrezet/workspace/unRaMaLaK/Symfony/app/cache/prod/classes.php line 5117 [] []
[2013-01-12 17:25:15] request.ERROR: Symfony\Component\HttpKernel\Exception\NotFoundHttpException: No route found for "GET /bundles/webprofiler/images/import.png" (uncaught exception) at /home/afrezet/workspace/unRaMaLaK/Symfony/app/cache/prod/classes.php line 5117 [] []
[2013-01-12 17:25:16] request.ERROR: Symfony\Component\HttpKernel\Exception\NotFoundHttpException: No route found for "GET /bundles/webprofiler/favicon.ico" (uncaught exception) at /home/afrezet/workspace/unRaMaLaK/Symfony/app/cache/prod/classes.php line 5117 [] []
[2013-01-12 17:25:16] request.ERROR: Symfony\Component\HttpKernel\Exception\NotFoundHttpException: No route found for "GET /bundles/webprofiler/images/profiler/config.png" (uncaught exception) at /home/afrezet/workspace/unRaMaLaK/Symfony/app/cache/prod/classes.php line 5117 [] []
[2013-01-12 17:25:16] request.ERROR: Symfony\Component\HttpKernel\Exception\NotFoundHttpException: No route found for "GET /bundles/webprofiler/images/profiler/exception.png" (uncaught exception) at /home/afrezet/workspace/unRaMaLaK/Symfony/app/cache/prod/classes.php line 5117 [] []
[2013-01-12 17:25:16] request.ERROR: Symfony\Component\HttpKernel\Exception\NotFoundHttpException: No route found for "GET /bundles/webprofiler/images/profiler/request.png" (uncaught exception) at /home/afrezet/workspace/unRaMaLaK/Symfony/app/cache/prod/classes.php line 5117 [] []
[2013-01-12 17:25:16] request.ERROR: Symfony\Component\HttpKernel\Exception\NotFoundHttpException: No route found for "GET /bundles/webprofiler/images/profiler/events.png" (uncaught exception) at /home/afrezet/workspace/unRaMaLaK/Symfony/app/cache/prod/classes.php line 5117 [] []
[2013-01-12 17:25:16] request.ERROR: Symfony\Component\HttpKernel\Exception\NotFoundHttpException: No route found for "GET /bundles/webprofiler/images/profiler/logger.png" (uncaught exception) at /home/afrezet/workspace/unRaMaLaK/Symfony/app/cache/prod/classes.php line 5117 [] []
[2013-01-12 17:25:16] request.ERROR: Symfony\Component\HttpKernel\Exception\NotFoundHttpException: No route found for "GET /bundles/webprofiler/images/profiler/time.png" (uncaught exception) at /home/afrezet/workspace/unRaMaLaK/Symfony/app/cache/prod/classes.php line 5117 [] []
[2013-01-12 17:25:16] request.ERROR: Symfony\Component\HttpKernel\Exception\NotFoundHttpException: No route found for "GET /bundles/webprofiler/images/profiler/routing.png" (uncaught exception) at /home/afrezet/workspace/unRaMaLaK/Symfony/app/cache/prod/classes.php line 5117 [] []
[2013-01-12 17:25:16] request.ERROR: Symfony\Component\HttpKernel\Exception\NotFoundHttpException: No route found for "GET /bundles/webprofiler/images/profiler/security.png" (uncaught exception) at /home/afrezet/workspace/unRaMaLaK/Symfony/app/cache/prod/classes.php line 5117 [] []
[2013-01-12 17:25:16] request.ERROR: Symfony\Component\HttpKernel\Exception\NotFoundHttpException: No route found for "GET /bundles/webprofiler/images/search.png" (uncaught exception) at /home/afrezet/workspace/unRaMaLaK/Symfony/app/cache/prod/classes.php line 5117 [] []
[2013-01-12 17:25:16] request.ERROR: Symfony\Component\HttpKernel\Exception\NotFoundHttpException: No route found for "GET /bundles/webprofiler/images/import.png" (uncaught exception) at /home/afrezet/workspace/unRaMaLaK/Symfony/app/cache/prod/classes.php line 5117 [] []
[2013-01-12 17:25:16] request.ERROR: Symfony\Component\HttpKernel\Exception\NotFoundHttpException: No route found for "GET /bundles/webprofiler/favicon.ico" (uncaught exception) at /home/afrezet/workspace/unRaMaLaK/Symfony/app/cache/prod/classes.php line 5117 [] []
[2013-01-12 17:25:25] request.ERROR: Symfony\Component\HttpKernel\Exception\NotFoundHttpException: No route found for "GET /bundles/webprofiler/images/profiler/logo_symfony_profiler.png" (uncaught exception) at /home/afrezet/workspace/unRaMaLaK/Symfony/app/cache/prod/classes.php line 5117 [] []
[2013-01-12 17:25:25] request.ERROR: Symfony\Component\HttpKernel\Exception\NotFoundHttpException: No route found for "GET /bundles/webprofiler/images/profiler/exception.png" (uncaught exception) at /home/afrezet/workspace/unRaMaLaK/Symfony/app/cache/prod/classes.php line 5117 [] []
[2013-01-12 17:25:25] request.ERROR: Symfony\Component\HttpKernel\Exception\NotFoundHttpException: No route found for "GET /bundles/webprofiler/images/profiler/grey_magnifier.png" (uncaught exception) at /home/afrezet/workspace/unRaMaLaK/Symfony/app/cache/prod/classes.php line 5117 [] []
[2013-01-12 17:25:25] request.ERROR: Symfony\Component\HttpKernel\Exception\NotFoundHttpException: No route found for "GET /bundles/webprofiler/images/profiler/config.png" (uncaught exception) at /home/afrezet/workspace/unRaMaLaK/Symfony/app/cache/prod/classes.php line 5117 [] []
[2013-01-12 17:25:25] request.ERROR: Symfony\Component\HttpKernel\Exception\NotFoundHttpException: No route found for "GET /bundles/webprofiler/images/profiler/request.png" (uncaught exception) at /home/afrezet/workspace/unRaMaLaK/Symfony/app/cache/prod/classes.php line 5117 [] []
[2013-01-12 17:25:25] request.ERROR: Symfony\Component\HttpKernel\Exception\NotFoundHttpException: No route found for "GET /bundles/webprofiler/css/profiler.css" (uncaught exception) at /home/afrezet/workspace/unRaMaLaK/Symfony/app/cache/prod/classes.php line 5117 [] []
[2013-01-12 17:25:25] request.ERROR: Symfony\Component\HttpKernel\Exception\NotFoundHttpException: No route found for "GET /bundles/webprofiler/images/profiler/events.png" (uncaught exception) at /home/afrezet/workspace/unRaMaLaK/Symfony/app/cache/prod/classes.php line 5117 [] []
[2013-01-12 17:25:25] request.ERROR: Symfony\Component\HttpKernel\Exception\NotFoundHttpException: No route found for "GET /bundles/webprofiler/images/profiler/time.png" (uncaught exception) at /home/afrezet/workspace/unRaMaLaK/Symfony/app/cache/prod/classes.php line 5117 [] []
[2013-01-12 17:25:25] request.ERROR: Symfony\Component\HttpKernel\Exception\NotFoundHttpException: No route found for "GET /bundles/webprofiler/images/profiler/logger.png" (uncaught exception) at /home/afrezet/workspace/unRaMaLaK/Symfony/app/cache/prod/classes.php line 5117 [] []
[2013-01-12 17:25:25] request.ERROR: Symfony\Component\HttpKernel\Exception\NotFoundHttpException: No route found for "GET /bundles/webprofiler/images/profiler/routing.png" (uncaught exception) at /home/afrezet/workspace/unRaMaLaK/Symfony/app/cache/prod/classes.php line 5117 [] []
[2013-01-12 17:25:25] request.ERROR: Symfony\Component\HttpKernel\Exception\NotFoundHttpException: No route found for "GET /bundles/webprofiler/images/search.png" (uncaught exception) at /home/afrezet/workspace/unRaMaLaK/Symfony/app/cache/prod/classes.php line 5117 [] []
[2013-01-12 17:25:25] request.ERROR: Symfony\Component\HttpKernel\Exception\NotFoundHttpException: No route found for "GET /bundles/webprofiler/images/profiler/security.png" (uncaught exception) at /home/afrezet/workspace/unRaMaLaK/Symfony/app/cache/prod/classes.php line 5117 [] []
[2013-01-12 17:25:25] request.ERROR: Symfony\Component\HttpKernel\Exception\NotFoundHttpException: No route found for "GET /bundles/webprofiler/images/import.png" (uncaught exception) at /home/afrezet/workspace/unRaMaLaK/Symfony/app/cache/prod/classes.php line 5117 [] []
[2013-01-12 17:25:26] request.ERROR: Symfony\Component\HttpKernel\Exception\NotFoundHttpException: No route found for "GET /bundles/webprofiler/images/profiler/config.png" (uncaught exception) at /home/afrezet/workspace/unRaMaLaK/Symfony/app/cache/prod/classes.php line 5117 [] []
[2013-01-12 17:25:26] request.ERROR: Symfony\Component\HttpKernel\Exception\NotFoundHttpException: No route found for "GET /bundles/webprofiler/images/profiler/events.png" (uncaught exception) at /home/afrezet/workspace/unRaMaLaK/Symfony/app/cache/prod/classes.php line 5117 [] []
[2013-01-12 17:25:26] request.ERROR: Symfony\Component\HttpKernel\Exception\NotFoundHttpException: No route found for "GET /bundles/webprofiler/images/profiler/time.png" (uncaught exception) at /home/afrezet/workspace/unRaMaLaK/Symfony/app/cache/prod/classes.php line 5117 [] []
[2013-01-12 17:25:26] request.ERROR: Symfony\Component\HttpKernel\Exception\NotFoundHttpException: No route found for "GET /bundles/webprofiler/images/profiler/exception.png" (uncaught exception) at /home/afrezet/workspace/unRaMaLaK/Symfony/app/cache/prod/classes.php line 5117 [] []
[2013-01-12 17:25:26] request.ERROR: Symfony\Component\HttpKernel\Exception\NotFoundHttpException: No route found for "GET /bundles/webprofiler/images/profiler/request.png" (uncaught exception) at /home/afrezet/workspace/unRaMaLaK/Symfony/app/cache/prod/classes.php line 5117 [] []
[2013-01-12 17:25:26] request.ERROR: Symfony\Component\HttpKernel\Exception\NotFoundHttpException: No route found for "GET /bundles/webprofiler/images/profiler/logger.png" (uncaught exception) at /home/afrezet/workspace/unRaMaLaK/Symfony/app/cache/prod/classes.php line 5117 [] []
[2013-01-12 17:25:26] request.ERROR: Symfony\Component\HttpKernel\Exception\NotFoundHttpException: No route found for "GET /bundles/webprofiler/images/profiler/security.png" (uncaught exception) at /home/afrezet/workspace/unRaMaLaK/Symfony/app/cache/prod/classes.php line 5117 [] []
[2013-01-12 17:25:26] request.ERROR: Symfony\Component\HttpKernel\Exception\NotFoundHttpException: No route found for "GET /bundles/webprofiler/images/profiler/routing.png" (uncaught exception) at /home/afrezet/workspace/unRaMaLaK/Symfony/app/cache/prod/classes.php line 5117 [] []
